
=== Thu Jan 17 11:53:35 2019

Packages were changed.
Update Mode: updateDependencies

The following packages were added:
  com.unity.collab-proxy@1.2.15
The following packages were updated:
  com.unity.ads from version 2.0.8 to 2.3.1
  com.unity.analytics from version 2.0.16 to 3.2.2
  com.unity.package-manager-ui from version 1.9.11 to 2.0.3
  com.unity.textmeshpro from version 1.2.4 to 1.3.0

=== Wed Mar 11 12:50:34 2020

Packages were changed.
Update Mode: resetToDefaultDependencies

The following packages were added:
  com.unity.test-framework@1.1.9
  com.unity.timeline@1.2.9
  com.unity.ide.vscode@1.1.3
  com.unity.ide.rider@1.1.4
  com.unity.ugui@1.0.0
  com.unity.modules.androidjni@1.0.0
The following packages were removed:
  com.unity.ads@3.4.2
  com.unity.analytics@3.3.5
  com.unity.package-manager-ui@2.0.3
  com.unity.purchasing@2.0.6
